# JRE version: OpenJDK Runtime Environment (8.0_212-b04) (build 1.8.0_212-release-1586-b04)
# Java VM: OpenJDK 64-Bit Server VM (25.212-b04 mixed mode windows-amd64 compressed oops)
Heap:
 PSYoungGen      total 418816K, used 197071K [0x00000000e0000000, 0x00000000ff900000, 0x0000000100000000)
  eden space 326656K, 49% used [0x00000000e0000000,0x00000000e9f4f520,0x00000000f3f00000)
  from space 92160K, 36% used [0x00000000f3f00000,0x00000000f6024718,0x00000000f9900000)
  to   space 86528K, 0% used [0x00000000fa480000,0x00000000fa480000,0x00000000ff900000)
 ParOldGen       total 275968K, used 216628K [0x00000000a0000000, 0x00000000b0d80000, 0x00000000e0000000)
  object space 275968K, 78% used [0x00000000a0000000,0x00000000ad38d3b8,0x00000000b0d80000)
 Metaspace       used 101955K, capacity 105546K, committed 105944K, reserved 1140736K
  class space    used 12935K, capacity 13716K, committed 13824K, reserved 1048576K
GC Heap History (10 events):
Event: 120.291 GC heap before
{Heap before GC invocations=34 (full 5):
 PSYoungGen      total 404480K, used 11466K [0x00000000e0000000, 0x0000000100000000, 0x0000000100000000)
  eden space 302080K, 0% used [0x00000000e0000000,0x00000000e0000000,0x00000000f2700000)
  from space 102400K, 11% used [0x00000000f2700000,0x00000000f3232a08,0x00000000f8b00000)
  to   space 101888K, 0% used [0x00000000f9c80000,0x00000000f9c80000,0x0000000100000000)
 ParOldGen       total 275968K, used 231205K [0x00000000a0000000, 0x00000000b0d80000, 0x00000000e0000000)
  object space 275968K, 83% used [0x00000000a0000000,0x00000000ae1c9608,0x00000000b0d80000)
 Metaspace       used 101531K, capacity 105296K, committed 105432K, reserved 1140736K
  class space    used 12952K, capacity 13785K, committed 13824K, reserved 1048576K
Event: 124.163 GC heap after
Heap after GC invocations=34 (full 5):
 PSYoungGen      total 404480K, used 0K [0x00000000e0000000, 0x0000000100000000, 0x0000000100000000)
  eden space 302080K, 0% used [0x00000000e0000000,0x00000000e0000000,0x00000000f2700000)
  from space 102400K, 0% used [0x00000000f2700000,0x00000000f2700000,0x00000000f8b00000)
  to   space 101888K, 0% used [0x00000000f9c80000,0x00000000f9c80000,0x0000000100000000)
 ParOldGen       total 275968K, used 216563K [0x00000000a0000000, 0x00000000b0d80000, 0x00000000e0000000)
  object space 275968K, 78% used [0x00000000a0000000,0x00000000ad37ccf8,0x00000000b0d80000)
 Metaspace       used 101384K, capacity 104914K, committed 105432K, reserved 1140736K
  class space    used 12900K, capacity 13694K, committed 13824K, reserved 1048576K
}
Event: 124.777 GC heap before
{Heap before GC invocations=35 (full 5):
 PSYoungGen      total 404480K, used 302080K [0x00000000e0000000, 0x0000000100000000, 0x0000000100000000)
  eden space 302080K, 100% used [0x00000000e0000000,0x00000000f2700000,0x00000000f2700000)
  from space 102400K, 0% used [0x00000000f2700000,0x00000000f2700000,0x00000000f8b00000)
  to   space 101888K, 0% used [0x00000000f9c80000,0x00000000f9c80000,0x0000000100000000)
 ParOldGen       total 275968K, used 216563K [0x00000000a0000000, 0x00000000b0d80000, 0x00000000e0000000)
  object space 275968K, 78% used [0x00000000a0000000,0x00000000ad37ccf8,0x00000000b0d80000)
 Metaspace       used 101401K, capacity 104914K, committed 105432K, reserved 1140736K
  class space    used 12900K, capacity 13694K, committed 13824K, reserved 1048576K
Event: 124.828 GC heap after
Heap after GC invocations=35 (full 5):
 PSYoungGen      total 418304K, used 10352K [0x00000000e0000000, 0x00000000ffc80000, 0x0000000100000000)
  eden space 320000K, 0% used [0x00000000e0000000,0x00000000e0000000,0x00000000f3880000)
  from space 98304K, 10% used [0x00000000f9c80000,0x00000000fa69c0b0,0x00000000ffc80000)
  to   space 100352K, 0% used [0x00000000f3880000,0x00000000f3880000,0x00000000f9a80000)
 ParOldGen       total 275968K, used 216571K [0x00000000a0000000, 0x00000000b0d80000, 0x00000000e0000000)
  object space 275968K, 78% used [0x00000000a0000000,0x00000000ad37ecf8,0x00000000b0d80000)
 Metaspace       used 101401K, capacity 104914K, committed 105432K, reserved 1140736K
  class space    used 12900K, capacity 13694K, committed 13824K, reserved 1048576K
}
Event: 126.192 GC heap before
{Heap before GC invocations=36 (full 5):
 PSYoungGen      total 418304K, used 330189K [0x00000000e0000000, 0x00000000ffc80000, 0x0000000100000000)
  eden space 320000K, 99% used [0x00000000e0000000,0x00000000f3857640,0x00000000f3880000)
  from space 98304K, 10% used [0x00000000f9c80000,0x00000000fa69c0b0,0x00000000ffc80000)
  to   space 100352K, 0% used [0x00000000f3880000,0x00000000f3880000,0x00000000f9a80000)
 ParOldGen       total 275968K, used 216571K [0x00000000a0000000, 0x00000000b0d80000, 0x00000000e0000000)
  object space 275968K, 78% used [0x00000000a0000000,0x00000000ad37ecf8,0x00000000b0d80000)
 Metaspace       used 101598K, capacity 105144K, committed 105688K, reserved 1140736K
  class space    used 12908K, capacity 13701K, committed 13824K, reserved 1048576K
Event: 126.237 GC heap after
Heap after GC invocations=36 (full 5):
 PSYoungGen      total 420352K, used 18240K [0x00000000e0000000, 0x00000000ffc00000, 0x0000000100000000)
  eden space 320000K, 0% used [0x00000000e0000000,0x00000000e0000000,0x00000000f3880000)
  from space 100352K, 18% used [0x00000000f3880000,0x00000000f4a50348,0x00000000f9a80000)
  to   space 97280K, 0% used [0x00000000f9d00000,0x00000000f9d00000,0x00000000ffc00000)
 ParOldGen       total 275968K, used 216579K [0x00000000a0000000, 0x00000000b0d80000, 0x00000000e0000000)
  object space 275968K, 78% used [0x00000000a0000000,0x00000000ad380cf8,0x00000000b0d80000)
 Metaspace       used 101598K, capacity 105144K, committed 105688K, reserved 1140736K
  class space    used 12908K, capacity 13701K, committed 13824K, reserved 1048576K
}
Event: 126.729 GC heap before
{Heap before GC invocations=37 (full 5):
 PSYoungGen      total 420352K, used 338240K [0x00000000e0000000, 0x00000000ffc00000, 0x0000000100000000)
  eden space 320000K, 100% used [0x00000000e0000000,0x00000000f3880000,0x00000000f3880000)
  from space 100352K, 18% used [0x00000000f3880000,0x00000000f4a50348,0x00000000f9a80000)
  to   space 97280K, 0% used [0x00000000f9d00000,0x00000000f9d00000,0x00000000ffc00000)
 ParOldGen       total 275968K, used 216579K [0x00000000a0000000, 0x00000000b0d80000, 0x00000000e0000000)
  object space 275968K, 78% used [0x00000000a0000000,0x00000000ad380d10,0x00000000b0d80000)
 Metaspace       used 101759K, capacity 105312K, committed 105688K, reserved 1140736K
  class space    used 12919K, capacity 13711K, committed 13824K, reserved 1048576K
Event: 126.752 GC heap after
Heap after GC invocations=37 (full 5):
 PSYoungGen      total 414720K, used 37745K [0x00000000e0000000, 0x00000000ff300000, 0x0000000100000000)
  eden space 326656K, 0% used [0x00000000e0000000,0x00000000e0000000,0x00000000f3f00000)
  from space 88064K, 42% used [0x00000000f9d00000,0x00000000fc1dc440,0x00000000ff300000)
  to   space 92160K, 0% used [0x00000000f3f00000,0x00000000f3f00000,0x00000000f9900000)
 ParOldGen       total 275968K, used 216587K [0x00000000a0000000, 0x00000000b0d80000, 0x00000000e0000000)
  object space 275968K, 78% used [0x00000000a0000000,0x00000000ad382d10,0x00000000b0d80000)
 Metaspace       used 101759K, capacity 105312K, committed 105688K, reserved 1140736K
  class space    used 12919K, capacity 13711K, committed 13824K, reserved 1048576K
}
Event: 127.974 GC heap before
{Heap before GC invocations=38 (full 5):
 PSYoungGen      total 414720K, used 364401K [0x00000000e0000000, 0x00000000ff300000, 0x0000000100000000)
  eden space 326656K, 100% used [0x00000000e0000000,0x00000000f3f00000,0x00000000f3f00000)
  from space 88064K, 42% used [0x00000000f9d00000,0x00000000fc1dc440,0x00000000ff300000)
  to   space 92160K, 0% used [0x00000000f3f00000,0x00000000f3f00000,0x00000000f9900000)
 ParOldGen       total 275968K, used 216620K [0x00000000a0000000, 0x00000000b0d80000, 0x00000000e0000000)
  object space 275968K, 78% used [0x00000000a0000000,0x00000000ad38b3b8,0x00000000b0d80000)
 Metaspace       used 101890K, capacity 105400K, committed 105944K, reserved 1140736K
  class space    used 12931K, capacity 13715K, committed 13824K, reserved 1048576K
Event: 128.206 GC heap after
Heap after GC invocations=38 (full 5):
 PSYoungGen      total 418816K, used 33937K [0x00000000e0000000, 0x00000000ff900000, 0x0000000100000000)
  eden space 326656K, 0% used [0x00000000e0000000,0x00000000e0000000,0x00000000f3f00000)
  from space 92160K, 36% used [0x00000000f3f00000,0x00000000f6024718,0x00000000f9900000)
  to   space 86528K, 0% used [0x00000000fa480000,0x00000000fa480000,0x00000000ff900000)
 ParOldGen       total 275968K, used 216628K [0x00000000a0000000, 0x00000000b0d80000, 0x00000000e0000000)
  object space 275968K, 78% used [0x00000000a0000000,0x00000000ad38d3b8,0x00000000b0d80000)
 Metaspace       used 101890K, capacity 105400K, committed 105944K, reserved 1140736K
  class space    used 12931K, capacity 13715K, committed 13824K, reserved 1048576K
}

