# JRE version: OpenJDK Runtime Environment (8.0_212-b04) (build 1.8.0_212-release-1586-b04)
# Java VM: OpenJDK 64-Bit Server VM (25.212-b04 mixed mode windows-amd64 compressed oops)
Heap:
 PSYoungGen      total 440320K, used 366977K [0x00000000e0000000, 0x00000000ffb00000, 0x0000000100000000)
  eden space 365568K, 95% used [0x00000000e0000000,0x00000000f53518a0,0x00000000f6500000)
  from space 74752K, 26% used [0x00000000f6500000,0x00000000f780eca0,0x00000000fae00000)
  to   space 71680K, 0% used [0x00000000fb500000,0x00000000fb500000,0x00000000ffb00000)
 ParOldGen       total 412160K, used 266702K [0x00000000a0000000, 0x00000000b9280000, 0x00000000e0000000)
  object space 412160K, 64% used [0x00000000a0000000,0x00000000b0473ab0,0x00000000b9280000)
 Metaspace       used 98346K, capacity 103370K, committed 103448K, reserved 1138688K
  class space    used 12713K, capacity 13799K, committed 13864K, reserved 1048576K
GC Heap History (10 events):
Event: 46.650 GC heap before
{Heap before GC invocations=34 (full 5):
 PSYoungGen      total 427520K, used 360448K [0x00000000e0000000, 0x0000000100000000, 0x0000000100000000)
  eden space 360448K, 100% used [0x00000000e0000000,0x00000000f6000000,0x00000000f6000000)
  from space 67072K, 0% used [0x00000000fbe80000,0x00000000fbe80000,0x0000000100000000)
  to   space 81920K, 0% used [0x00000000f6000000,0x00000000f6000000,0x00000000fb000000)
 ParOldGen       total 412160K, used 199753K [0x00000000a0000000, 0x00000000b9280000, 0x00000000e0000000)
  object space 412160K, 48% used [0x00000000a0000000,0x00000000ac312560,0x00000000b9280000)
 Metaspace       used 88321K, capacity 92010K, committed 92568K, reserved 1130496K
  class space    used 11518K, capacity 12310K, committed 12456K, reserved 1048576K
Event: 46.795 GC heap after
Heap after GC invocations=34 (full 5):
 PSYoungGen      total 442368K, used 45922K [0x00000000e0000000, 0x0000000100000000, 0x0000000100000000)
  eden space 360448K, 0% used [0x00000000e0000000,0x00000000e0000000,0x00000000f6000000)
  from space 81920K, 56% used [0x00000000f6000000,0x00000000f8cd8bf8,0x00000000fb000000)
  to   space 81920K, 0% used [0x00000000fb000000,0x00000000fb000000,0x0000000100000000)
 ParOldGen       total 412160K, used 199761K [0x00000000a0000000, 0x00000000b9280000, 0x00000000e0000000)
  object space 412160K, 48% used [0x00000000a0000000,0x00000000ac314560,0x00000000b9280000)
 Metaspace       used 88321K, capacity 92010K, committed 92568K, reserved 1130496K
  class space    used 11518K, capacity 12310K, committed 12456K, reserved 1048576K
}
Event: 47.637 GC heap before
{Heap before GC invocations=35 (full 5):
 PSYoungGen      total 442368K, used 406370K [0x00000000e0000000, 0x0000000100000000, 0x0000000100000000)
  eden space 360448K, 100% used [0x00000000e0000000,0x00000000f6000000,0x00000000f6000000)
  from space 81920K, 56% used [0x00000000f6000000,0x00000000f8cd8bf8,0x00000000fb000000)
  to   space 81920K, 0% used [0x00000000fb000000,0x00000000fb000000,0x0000000100000000)
 ParOldGen       total 412160K, used 199761K [0x00000000a0000000, 0x00000000b9280000, 0x00000000e0000000)
  object space 412160K, 48% used [0x00000000a0000000,0x00000000ac314560,0x00000000b9280000)
 Metaspace       used 88329K, capacity 92074K, committed 92568K, reserved 1130496K
  class space    used 11518K, capacity 12310K, committed 12456K, reserved 1048576K
Event: 47.894 GC heap after
Heap after GC invocations=35 (full 5):
 PSYoungGen      total 440320K, used 12480K [0x00000000e0000000, 0x00000000ffe00000, 0x0000000100000000)
  eden space 360448K, 0% used [0x00000000e0000000,0x00000000e0000000,0x00000000f6000000)
  from space 79872K, 15% used [0x00000000fb000000,0x00000000fbc30020,0x00000000ffe00000)
  to   space 80896K, 0% used [0x00000000f6000000,0x00000000f6000000,0x00000000faf00000)
 ParOldGen       total 412160K, used 241356K [0x00000000a0000000, 0x00000000b9280000, 0x00000000e0000000)
  object space 412160K, 58% used [0x00000000a0000000,0x00000000aebb3340,0x00000000b9280000)
 Metaspace       used 88329K, capacity 92074K, committed 92568K, reserved 1130496K
  class space    used 11518K, capacity 12310K, committed 12456K, reserved 1048576K
}
Event: 48.631 GC heap before
{Heap before GC invocations=36 (full 5):
 PSYoungGen      total 440320K, used 372928K [0x00000000e0000000, 0x00000000ffe00000, 0x0000000100000000)
  eden space 360448K, 100% used [0x00000000e0000000,0x00000000f6000000,0x00000000f6000000)
  from space 79872K, 15% used [0x00000000fb000000,0x00000000fbc30020,0x00000000ffe00000)
  to   space 80896K, 0% used [0x00000000f6000000,0x00000000f6000000,0x00000000faf00000)
 ParOldGen       total 412160K, used 241356K [0x00000000a0000000, 0x00000000b9280000, 0x00000000e0000000)
  object space 412160K, 58% used [0x00000000a0000000,0x00000000aebb3340,0x00000000b9280000)
 Metaspace       used 88350K, capacity 92074K, committed 92568K, reserved 1130496K
  class space    used 11518K, capacity 12310K, committed 12456K, reserved 1048576K
Event: 48.653 GC heap after
Heap after GC invocations=36 (full 5):
 PSYoungGen      total 441344K, used 20056K [0x00000000e0000000, 0x00000000ffb00000, 0x0000000100000000)
  eden space 360448K, 0% used [0x00000000e0000000,0x00000000e0000000,0x00000000f6000000)
  from space 80896K, 24% used [0x00000000f6000000,0x00000000f73960b8,0x00000000faf00000)
  to   space 77824K, 0% used [0x00000000faf00000,0x00000000faf00000,0x00000000ffb00000)
 ParOldGen       total 412160K, used 249148K [0x00000000a0000000, 0x00000000b9280000, 0x00000000e0000000)
  object space 412160K, 60% used [0x00000000a0000000,0x00000000af34f370,0x00000000b9280000)
 Metaspace       used 88350K, capacity 92074K, committed 92568K, reserved 1130496K
  class space    used 11518K, capacity 12310K, committed 12456K, reserved 1048576K
}
Event: 49.762 GC heap before
{Heap before GC invocations=37 (full 5):
 PSYoungGen      total 441344K, used 375821K [0x00000000e0000000, 0x00000000ffb00000, 0x0000000100000000)
  eden space 360448K, 98% used [0x00000000e0000000,0x00000000f5b6d4a0,0x00000000f6000000)
  from space 80896K, 24% used [0x00000000f6000000,0x00000000f73960b8,0x00000000faf00000)
  to   space 77824K, 0% used [0x00000000faf00000,0x00000000faf00000,0x00000000ffb00000)
 ParOldGen       total 412160K, used 258033K [0x00000000a0000000, 0x00000000b9280000, 0x00000000e0000000)
  object space 412160K, 62% used [0x00000000a0000000,0x00000000afbfc488,0x00000000b9280000)
 Metaspace       used 88394K, capacity 92080K, committed 92568K, reserved 1130496K
  class space    used 11518K, capacity 12311K, committed 12456K, reserved 1048576K
Event: 49.783 GC heap after
Heap after GC invocations=37 (full 5):
 PSYoungGen      total 439296K, used 20967K [0x00000000e0000000, 0x00000000ff700000, 0x0000000100000000)
  eden space 365568K, 0% used [0x00000000e0000000,0x00000000e0000000,0x00000000f6500000)
  from space 73728K, 28% used [0x00000000faf00000,0x00000000fc379f48,0x00000000ff700000)
  to   space 74752K, 0% used [0x00000000f6500000,0x00000000f6500000,0x00000000fae00000)
 ParOldGen       total 412160K, used 264913K [0x00000000a0000000, 0x00000000b9280000, 0x00000000e0000000)
  object space 412160K, 64% used [0x00000000a0000000,0x00000000b02b4628,0x00000000b9280000)
 Metaspace       used 88394K, capacity 92080K, committed 92568K, reserved 1130496K
  class space    used 11518K, capacity 12311K, committed 12456K, reserved 1048576K
}
Event: 133.448 GC heap before
{Heap before GC invocations=38 (full 5):
 PSYoungGen      total 439296K, used 386535K [0x00000000e0000000, 0x00000000ff700000, 0x0000000100000000)
  eden space 365568K, 100% used [0x00000000e0000000,0x00000000f6500000,0x00000000f6500000)
  from space 73728K, 28% used [0x00000000faf00000,0x00000000fc379f48,0x00000000ff700000)
  to   space 74752K, 0% used [0x00000000f6500000,0x00000000f6500000,0x00000000fae00000)
 ParOldGen       total 412160K, used 264947K [0x00000000a0000000, 0x00000000b9280000, 0x00000000e0000000)
  object space 412160K, 64% used [0x00000000a0000000,0x00000000b02bcdc0,0x00000000b9280000)
 Metaspace       used 95108K, capacity 99314K, committed 99608K, reserved 1136640K
  class space    used 12291K, capacity 13203K, committed 13352K, reserved 1048576K
Event: 133.632 GC heap after
Heap after GC invocations=38 (full 5):
 PSYoungGen      total 440320K, used 19515K [0x00000000e0000000, 0x00000000ffb00000, 0x0000000100000000)
  eden space 365568K, 0% used [0x00000000e0000000,0x00000000e0000000,0x00000000f6500000)
  from space 74752K, 26% used [0x00000000f6500000,0x00000000f780eca0,0x00000000fae00000)
  to   space 71680K, 0% used [0x00000000fb500000,0x00000000fb500000,0x00000000ffb00000)
 ParOldGen       total 412160K, used 266702K [0x00000000a0000000, 0x00000000b9280000, 0x00000000e0000000)
  object space 412160K, 64% used [0x00000000a0000000,0x00000000b0473ab0,0x00000000b9280000)
 Metaspace       used 95108K, capacity 99314K, committed 99608K, reserved 1136640K
  class space    used 12291K, capacity 13203K, committed 13352K, reserved 1048576K
}

