# JRE version: OpenJDK Runtime Environment (8.0_212-b04) (build 1.8.0_212-release-1586-b04)
# Java VM: OpenJDK 64-Bit Server VM (25.212-b04 mixed mode windows-amd64 compressed oops)
Heap:
 PSYoungGen      total 432640K, used 354531K [0x00000000e0000000, 0x00000000ffd00000, 0x0000000100000000)
  eden space 351232K, 99% used [0x00000000e0000000,0x00000000f5660f78,0x00000000f5700000)
  from space 81408K, 4% used [0x00000000fad80000,0x00000000fb158010,0x00000000ffd00000)
  to   space 84992K, 0% used [0x00000000f5700000,0x00000000f5700000,0x00000000faa00000)
 ParOldGen       total 324096K, used 263229K [0x00000000a0000000, 0x00000000b3c80000, 0x00000000e0000000)
  object space 324096K, 81% used [0x00000000a0000000,0x00000000b010f5c0,0x00000000b3c80000)
 Metaspace       used 94299K, capacity 97660K, committed 97944K, reserved 1134592K
  class space    used 12160K, capacity 12931K, committed 12968K, reserved 1048576K
GC Heap History (10 events):
Event: 75.322 GC heap before
{Heap before GC invocations=27 (full 4):
 PSYoungGen      total 330752K, used 315216K [0x00000000e0000000, 0x00000000f8c00000, 0x0000000100000000)
  eden space 271360K, 100% used [0x00000000e0000000,0x00000000f0900000,0x00000000f0900000)
  from space 59392K, 73% used [0x00000000f4680000,0x00000000f7154150,0x00000000f8080000)
  to   space 62976K, 99% used [0x00000000f0900000,0x00000000f46786d8,0x00000000f4680000)
 ParOldGen       total 187392K, used 187039K [0x00000000a0000000, 0x00000000ab700000, 0x00000000e0000000)
  object space 187392K, 99% used [0x00000000a0000000,0x00000000ab6a7ce8,0x00000000ab700000)
 Metaspace       used 90948K, capacity 94202K, committed 94360K, reserved 1130496K
  class space    used 11887K, capacity 12648K, committed 12712K, reserved 1048576K
Event: 78.151 GC heap after
Heap after GC invocations=27 (full 4):
 PSYoungGen      total 330752K, used 0K [0x00000000e0000000, 0x00000000f8c00000, 0x0000000100000000)
  eden space 271360K, 0% used [0x00000000e0000000,0x00000000e0000000,0x00000000f0900000)
  from space 59392K, 0% used [0x00000000f4680000,0x00000000f4680000,0x00000000f8080000)
  to   space 62976K, 0% used [0x00000000f0900000,0x00000000f0900000,0x00000000f4680000)
 ParOldGen       total 324096K, used 173463K [0x00000000a0000000, 0x00000000b3c80000, 0x00000000e0000000)
  object space 324096K, 53% used [0x00000000a0000000,0x00000000aa965ef0,0x00000000b3c80000)
 Metaspace       used 90725K, capacity 93644K, committed 94360K, reserved 1130496K
  class space    used 11820K, capacity 12529K, committed 12712K, reserved 1048576K
}
Event: 80.361 GC heap before
{Heap before GC invocations=28 (full 4):
 PSYoungGen      total 330752K, used 271360K [0x00000000e0000000, 0x00000000f8c00000, 0x0000000100000000)
  eden space 271360K, 100% used [0x00000000e0000000,0x00000000f0900000,0x00000000f0900000)
  from space 59392K, 0% used [0x00000000f4680000,0x00000000f4680000,0x00000000f8080000)
  to   space 62976K, 0% used [0x00000000f0900000,0x00000000f0900000,0x00000000f4680000)
 ParOldGen       total 324096K, used 173463K [0x00000000a0000000, 0x00000000b3c80000, 0x00000000e0000000)
  object space 324096K, 53% used [0x00000000a0000000,0x00000000aa965ef0,0x00000000b3c80000)
 Metaspace       used 92642K, capacity 95690K, committed 96024K, reserved 1132544K
  class space    used 12038K, capacity 12778K, committed 12840K, reserved 1048576K
Event: 80.457 GC heap after
Heap after GC invocations=28 (full 4):
 PSYoungGen      total 334336K, used 58093K [0x00000000e0000000, 0x00000000fda80000, 0x0000000100000000)
  eden space 271360K, 0% used [0x00000000e0000000,0x00000000e0000000,0x00000000f0900000)
  from space 62976K, 92% used [0x00000000f0900000,0x00000000f41bb730,0x00000000f4680000)
  to   space 71168K, 0% used [0x00000000f9500000,0x00000000f9500000,0x00000000fda80000)
 ParOldGen       total 324096K, used 173471K [0x00000000a0000000, 0x00000000b3c80000, 0x00000000e0000000)
  object space 324096K, 53% used [0x00000000a0000000,0x00000000aa967ef0,0x00000000b3c80000)
 Metaspace       used 92642K, capacity 95690K, committed 96024K, reserved 1132544K
  class space    used 12038K, capacity 12778K, committed 12840K, reserved 1048576K
}
Event: 81.214 GC heap before
{Heap before GC invocations=29 (full 4):
 PSYoungGen      total 334336K, used 329338K [0x00000000e0000000, 0x00000000fda80000, 0x0000000100000000)
  eden space 271360K, 99% used [0x00000000e0000000,0x00000000f08e3408,0x00000000f0900000)
  from space 62976K, 92% used [0x00000000f0900000,0x00000000f41bb730,0x00000000f4680000)
  to   space 71168K, 0% used [0x00000000f9500000,0x00000000f9500000,0x00000000fda80000)
 ParOldGen       total 324096K, used 173471K [0x00000000a0000000, 0x00000000b3c80000, 0x00000000e0000000)
  object space 324096K, 53% used [0x00000000a0000000,0x00000000aa967ef0,0x00000000b3c80000)
 Metaspace       used 93433K, capacity 96746K, committed 96920K, reserved 1132544K
  class space    used 12117K, capacity 12910K, committed 12968K, reserved 1048576K
Event: 81.298 GC heap after
Heap after GC invocations=29 (full 4):
 PSYoungGen      total 397312K, used 71148K [0x00000000e0000000, 0x00000000fec80000, 0x0000000100000000)
  eden space 326144K, 0% used [0x00000000e0000000,0x00000000e0000000,0x00000000f3e80000)
  from space 71168K, 99% used [0x00000000f9500000,0x00000000fda7b008,0x00000000fda80000)
  to   space 88576K, 0% used [0x00000000f3e80000,0x00000000f3e80000,0x00000000f9500000)
 ParOldGen       total 324096K, used 190286K [0x00000000a0000000, 0x00000000b3c80000, 0x00000000e0000000)
  object space 324096K, 58% used [0x00000000a0000000,0x00000000ab9d3ab0,0x00000000b3c80000)
 Metaspace       used 93433K, capacity 96746K, committed 96920K, reserved 1132544K
  class space    used 12117K, capacity 12910K, committed 12968K, reserved 1048576K
}
Event: 82.265 GC heap before
{Heap before GC invocations=30 (full 4):
 PSYoungGen      total 397312K, used 397292K [0x00000000e0000000, 0x00000000fec80000, 0x0000000100000000)
  eden space 326144K, 100% used [0x00000000e0000000,0x00000000f3e80000,0x00000000f3e80000)
  from space 71168K, 99% used [0x00000000f9500000,0x00000000fda7b008,0x00000000fda80000)
  to   space 88576K, 0% used [0x00000000f3e80000,0x00000000f3e80000,0x00000000f9500000)
 ParOldGen       total 324096K, used 190286K [0x00000000a0000000, 0x00000000b3c80000, 0x00000000e0000000)
  object space 324096K, 58% used [0x00000000a0000000,0x00000000ab9d3ab0,0x00000000b3c80000)
 Metaspace       used 94000K, capacity 97380K, committed 97432K, reserved 1134592K
  class space    used 12159K, capacity 12929K, committed 12968K, reserved 1048576K
Event: 82.333 GC heap after
Heap after GC invocations=30 (full 4):
 PSYoungGen      total 414720K, used 28763K [0x00000000e0000000, 0x0000000100000000, 0x0000000100000000)
  eden space 326144K, 0% used [0x00000000e0000000,0x00000000e0000000,0x00000000f3e80000)
  from space 88576K, 32% used [0x00000000f3e80000,0x00000000f5a96f10,0x00000000f9500000)
  to   space 84480K, 0% used [0x00000000fad80000,0x00000000fad80000,0x0000000100000000)
 ParOldGen       total 324096K, used 239373K [0x00000000a0000000, 0x00000000b3c80000, 0x00000000e0000000)
  object space 324096K, 73% used [0x00000000a0000000,0x00000000ae9c3588,0x00000000b3c80000)
 Metaspace       used 94000K, capacity 97380K, committed 97432K, reserved 1134592K
  class space    used 12159K, capacity 12929K, committed 12968K, reserved 1048576K
}
Event: 82.809 GC heap before
{Heap before GC invocations=31 (full 4):
 PSYoungGen      total 414720K, used 354907K [0x00000000e0000000, 0x0000000100000000, 0x0000000100000000)
  eden space 326144K, 100% used [0x00000000e0000000,0x00000000f3e80000,0x00000000f3e80000)
  from space 88576K, 32% used [0x00000000f3e80000,0x00000000f5a96f10,0x00000000f9500000)
  to   space 84480K, 0% used [0x00000000fad80000,0x00000000fad80000,0x0000000100000000)
 ParOldGen       total 324096K, used 239373K [0x00000000a0000000, 0x00000000b3c80000, 0x00000000e0000000)
  object space 324096K, 73% used [0x00000000a0000000,0x00000000ae9c3588,0x00000000b3c80000)
 Metaspace       used 94164K, capacity 97524K, committed 97688K, reserved 1134592K
  class space    used 12160K, capacity 12931K, committed 12968K, reserved 1048576K
Event: 82.842 GC heap after
Heap after GC invocations=31 (full 4):
 PSYoungGen      total 432640K, used 3936K [0x00000000e0000000, 0x00000000ffd00000, 0x0000000100000000)
  eden space 351232K, 0% used [0x00000000e0000000,0x00000000e0000000,0x00000000f5700000)
  from space 81408K, 4% used [0x00000000fad80000,0x00000000fb158010,0x00000000ffd00000)
  to   space 84992K, 0% used [0x00000000f5700000,0x00000000f5700000,0x00000000faa00000)
 ParOldGen       total 324096K, used 263229K [0x00000000a0000000, 0x00000000b3c80000, 0x00000000e0000000)
  object space 324096K, 81% used [0x00000000a0000000,0x00000000b010f5c0,0x00000000b3c80000)
 Metaspace       used 94164K, capacity 97524K, committed 97688K, reserved 1134592K
  class space    used 12160K, capacity 12931K, committed 12968K, reserved 1048576K
}

